Epoch: 1 batch: 0 lr: 6e-05 loss: 5.89466572 token: 2.37170029 : 19.8809528 % noise: 1.470312 temp: 99751.7891 press: 624780.938 norm_x: 204.39212 norm_pair: 370.703613 crystal: 2.27716446 0.2
Epoch: 1 batch: 50 lr: 6e-05 loss: 5.50469208 token: 0.475103468 : 91.6619949 % noise: 2.09347749 temp: 74294.7 press: 2209550.5 norm_x: 386.162598 norm_pair: 433.632812 crystal: 1.63025916 0.394117653
Epoch: 1 batch: 100 lr: 6e-05 loss: 4.17661047 token: 0.375363111 : 92.8936844 % noise: 1.53593159 temp: 42589.7812 press: 1890234.12 norm_x: 322.04068 norm_pair: 388.015137 crystal: 1.59758162 0.388118804
Epoch: 1 batch: 150 lr: 6e-05 loss: 3.66099644 token: 0.329928279 : 93.3081055 % noise: 1.34679055 temp: 31141.8418 press: 1766255.88 norm_x: 279.131348 norm_pair: 340.381042 crystal: 1.57316029 0.387417227
Epoch: 1 batch: 200 lr: 6e-05 loss: 3.38316441 token: 0.308453858 : 93.5021362 % noise: 1.2517432 temp: 25237.4277 press: 1652657.38 norm_x: 251.534744 norm_pair: 302.911224 crystal: 1.58064389 0.385572135
Epoch: 1 batch: 250 lr: 6e-05 loss: 3.21563292 token: 0.300003946 : 93.5239944 % noise: 1.19545114 temp: 21635.2539 press: 1588417.88 norm_x: 235.846924 norm_pair: 272.779785 crystal: 1.63312292 0.36892429
Epoch: 1 batch: 300 lr: 6e-05 loss: 3.08609724 token: 0.288266897 : 93.6885 % noise: 1.15694213 temp: 19213.0723 press: 1599507.75 norm_x: 221.065063 norm_pair: 246.693344 crystal: 1.65405786 0.360465109
Epoch: 1 batch: 350 lr: 6e-05 loss: 2.99891853 token: 0.283168733 : 93.7396545 % noise: 1.1313678 temp: 17450.2129 press: 1762736.38 norm_x: 210.383331 norm_pair: 224.827881 crystal: 1.69573605 0.352421641
Epoch: 1 batch: 400 lr: 6e-05 loss: 2.92828703 token: 0.27854833 : 93.8107147 % noise: 1.11105549 temp: 16112.6084 press: 1909311.62 norm_x: 202.111206 norm_pair: 206.262527 crystal: 1.71435428 0.34389028
Epoch: 1 batch: 450 lr: 6e-05 loss: 2.87863612 token: 0.276471794 : 93.7944794 % noise: 1.09583664 temp: 15093.0469 press: 2078073.62 norm_x: 197.793533 norm_pair: 191.766983 crystal: 1.74044538 0.340133041
Epoch: 1 batch: 500 lr: 6e-05 loss: 2.83502 token: 0.273727924 : 93.8230667 % noise: 1.08348298 temp: 14199.9736 press: 2229769 norm_x: 192.534103 norm_pair: 179.353516 crystal: 1.7543726 0.330738515
Epoch: 1 batch: 550 lr: 6e-05 loss: 2.80308247 token: 0.271209091 : 93.8579178 % noise: 1.07378411 temp: 13472.1963 press: 2351946.75 norm_x: 190.473419 norm_pair: 170.179169 crystal: 1.76904666 0.319782227
Epoch: 1 batch: 600 lr: 6e-05 loss: 2.77750492 token: 0.269775748 : 93.8441849 % noise: 1.06703198 temp: 12848.0928 press: 2450808 norm_x: 186.966019 norm_pair: 162.064362 crystal: 1.78578794 0.309817
Epoch: 1 batch: 650 lr: 6e-05 loss: 2.7519958 token: 0.267983675 : 93.872612 % noise: 1.0595324 temp: 12288.6455 press: 2487220.75 norm_x: 185.017258 norm_pair: 154.935471 crystal: 1.8008585 0.304147452
Epoch: 1 batch: 700 lr: 6e-05 loss: 2.722785 token: 0.266220599 : 93.8876419 % noise: 1.05252349 temp: 11819.6758 press: 2534349.5 norm_x: 179.183304 norm_pair: 146.872818 crystal: 1.81521797 0.297717541
Epoch: 1 batch: 750 lr: 6e-05 loss: 2.69893885 token: 0.265081346 : 93.8892593 % noise: 1.04717147 temp: 11370.7295 press: 2569035.75 norm_x: 174.074738 norm_pair: 139.636124 crystal: 1.82225859 0.294407457
Epoch: 1 batch: 800 lr: 6e-05 loss: 2.67665029 token: 0.263898134 : 93.8920059 % noise: 1.04211724 temp: 10977.5127 press: 2648305.5 norm_x: 168.853683 norm_pair: 133.070801 crystal: 1.82979143 0.292634219
Epoch: 1 batch: 850 lr: 6e-05 loss: 2.67265344 token: 0.262351185 : 93.9026871 % noise: 1.04328322 temp: 10686.0332 press: 2740241.5 norm_x: 167.299606 norm_pair: 128.927887 crystal: 1.83837271 0.289541721
Epoch: 1 batch: 900 lr: 6e-05 loss: 2.66465688 token: 0.261070371 : 93.9187927 % noise: 1.04057562 temp: 10356.2266 press: 2833692.25 norm_x: 166.426102 norm_pair: 127.568901 crystal: 1.84788239 0.286681473
Epoch: 1 batch: 950 lr: 6e-05 loss: 2.64795041 token: 0.259715557 : 93.9292 % noise: 1.03682077 temp: 10057.7207 press: 2918210.5 norm_x: 162.024612 norm_pair: 123.285721 crystal: 1.84753728 0.284227133
Epoch: 1 batch: 1000 lr: 6e-05 loss: 2.63201046 token: 0.258863211 : 93.9326172 % noise: 1.03341401 temp: 9773.36426 press: 3001846 norm_x: 157.434845 norm_pair: 118.768227 crystal: 1.84851456 0.282517493
Epoch: 1 batch: 1050 lr: 6e-05 loss: 2.61714339 token: 0.258002073 : 93.9365 % noise: 1.03042364 temp: 9522.59375 press: 3073939 norm_x: 153.022278 norm_pair: 114.437592 crystal: 1.84914708 0.282397717
Epoch: 1 batch: 1100 lr: 6e-05 loss: 2.60261083 token: 0.257148653 : 93.940033 % noise: 1.02741599 temp: 9280.91 press: 3139018.25 norm_x: 148.779572 norm_pair: 110.367744 crystal: 1.84717107 0.284377843
Epoch: 1 batch: 1150 lr: 6e-05 loss: 2.58864379 token: 0.256304562 : 93.9426346 % noise: 1.024436 temp: 9055.56738 press: 3194566.5 norm_x: 144.811676 norm_pair: 106.619125 crystal: 1.84492445 0.286533445
Epoch: 1 batch: 1200 lr: 6e-05 loss: 2.57685947 token: 0.255609721 : 93.9448318 % noise: 1.0222708 temp: 8898.36426 press: 3232599.5 norm_x: 141.104691 norm_pair: 103.188271 crystal: 1.84081864 0.288093269
Epoch: 1 batch: 1250 lr: 6e-05 loss: 2.56574559 token: 0.254695088 : 93.9533081 % noise: 1.02013385 temp: 8687.71582 press: 3284924 norm_x: 137.789474 norm_pair: 100.057198 crystal: 1.83978033 0.288489223
Epoch: 1 batch: 1300 lr: 6e-05 loss: 2.55545306 token: 0.254136533 : 93.952179 % noise: 1.01803875 temp: 8505.24512 press: 3323673.5 norm_x: 134.772263 norm_pair: 97.1443 crystal: 1.83951533 0.2897771
Epoch: 1 batch: 1350 lr: 6e-05 loss: 2.54536486 token: 0.252928019 : 93.9628448 % noise: 1.01631343 temp: 8340.88574 press: 3355428.25 norm_x: 131.762802 norm_pair: 94.4089355 crystal: 1.83381236 0.293930411
Epoch: 1 batch: 1400 lr: 6e-05 loss: 2.53493643 token: 0.25123632 : 93.9702072 % noise: 1.01456285 temp: 8189.85449 press: 3378143 norm_x: 128.835419 norm_pair: 91.8756104 crystal: 1.82486403 0.297501773
Epoch: 1 batch: 1450 lr: 6e-05 loss: 2.52472758 token: 0.249528185 : 93.9861679 % noise: 1.01286638 temp: 8037.69531 press: 3399211.75 norm_x: 125.958488 norm_pair: 89.4343 crystal: 1.81727564 0.301516205
Epoch: 1 batch: 1500 lr: 6e-05 loss: 2.51489758 token: 0.24774693 : 94.0072479 % noise: 1.01125693 temp: 7914.6416 press: 3416462.75 norm_x: 123.231453 norm_pair: 87.1604309 crystal: 1.80451071 0.306595594
Epoch: 1 batch: 1550 lr: 6e-05 loss: 2.50548553 token: 0.246001393 : 94.0275879 % noise: 1.00974655 temp: 7781.16309 press: 3426292.5 norm_x: 120.631393 norm_pair: 85.0176468 crystal: 1.79107869 0.311412
Epoch: 1 batch: 1600 lr: 6e-05 loss: 2.49708581 token: 0.244286507 : 94.0468 % noise: 1.00849986 temp: 7663.01758 press: 3444809.5 norm_x: 118.234131 norm_pair: 83.0378265 crystal: 1.78417408 0.313928783
Epoch: 1 batch: 1650 lr: 6e-05 loss: 2.48867321 token: 0.242630765 : 94.0646362 % noise: 1.00713587 temp: 7543.95117 press: 3462525.25 norm_x: 115.899719 norm_pair: 81.1673813 crystal: 1.77445734 0.31768626
Epoch: 1 batch: 1700 lr: 6e-05 loss: 2.4802959 token: 0.24086678 : 94.0883484 % noise: 1.00580847 temp: 7434.28564 press: 3478542.25 norm_x: 113.577477 norm_pair: 79.3714905 crystal: 1.77029335 0.3191652
Epoch: 1 batch: 1750 lr: 6e-05 loss: 2.472826 token: 0.239188328 : 94.1089478 % noise: 1.00474083 temp: 7329.94238 press: 3491160.5 norm_x: 111.477936 norm_pair: 77.6909256 crystal: 1.76102602 0.322615653
