[[3 280 2500 8]
 [3 280 2500 8]
 [3 280 2500 36]
 [3 280 2500 47]
 [3 280 2500 49]
 [3 280 2500 25]
 [3 280 2500 12]
 [3 280 2500 9]
 [3 280 2500 47]
 [3 280 2500 34]]
[[3 280 2500 29]
 [3 280 2500 49]
 [3 280 2500 12]
 [3 280 2500 3]
 [3 280 2500 1]
 [3 280 2500 5]
 [3 280 2500 50]
 [3 280 2500 16]
 [3 280 2500 45]
 [3 280 2500 31]]
[[3 280 2500 46]
 [3 280 2500 32]
 [3 280 2500 8]
 [3 280 2500 8]
 [3 280 2500 1]
 [3 280 2500 22]
 [3 280 2500 8]
 [3 280 2500 19]
 [3 280 2500 5]
 [3 280 2500 32]]
[[3 280 2500 20]
 [3 280 2500 17]
 [3 280 2500 42]
 [3 280 2500 13]
 [3 280 2500 9]
 [3 280 2500 46]
 [3 280 2500 41]
 [3 280 2500 1]
 [3 280 2500 6]
 [3 280 2500 19]]
[[3 280 2500 16]
 [3 280 2500 24]
 [3 280 2500 9]
 [3 280 2500 40]
 [3 280 2500 23]
 [3 280 2500 17]
 [3 280 2500 7]
 [3 280 2500 7]
 [3 280 2500 43]
 [3 280 2500 12]]
[[3 280 2500 42]
 [3 280 2500 8]
 [3 280 2500 39]
 [3 280 2500 26]
 [3 280 2500 11]
 [3 280 2500 45]
 [3 280 2500 12]
 [3 280 2500 35]
 [3 280 2500 44]
 [3 280 2500 38]]
[[3 280 2500 23]
 [3 280 2500 9]
 [3 280 2500 18]
 [3 280 2500 46]
 [3 280 2500 20]
 [3 280 2500 33]
 [3 280 2500 47]
 [3 280 2500 18]
 [3 280 2500 18]
 [3 280 2500 27]]
[[3 280 2500 5]
 [3 280 2500 20]
 [3 280 2500 9]
 [3 280 2500 17]
 [3 280 2500 10]
 [3 280 2500 45]
 [3 280 2500 25]
 [3 280 2500 19]
 [3 280 2500 23]
 [3 280 2500 44]]
[[3 280 2500 1]
 [3 280 2500 37]
 [3 280 2500 35]
 [3 280 2500 29]
 [3 280 2500 20]
 [3 280 2500 32]
 [3 280 2500 50]
 [3 280 2500 21]
 [3 280 2500 50]
 [3 280 2500 44]]
[[3 280 2500 5]
 [3 280 2500 29]
 [3 280 2500 33]
 [3 280 2500 36]
 [3 280 2500 27]
 [3 280 2500 13]
 [3 280 2500 24]
 [3 280 2500 15]
 [3 280 2500 4]
 [3 280 2500 33]]
[[3 280 2500 47]
 [3 280 2500 36]
 [3 280 2500 27]
 [3 280 2500 20]
 [3 280 2500 1]
 [3 280 2500 33]
 [3 280 2500 42]
 [3 280 2500 34]
 [3 280 2500 45]
 [3 280 2500 43]]
[[3 280 2500 26]
 [3 280 2500 47]
 [3 280 2500 24]
 [3 280 2500 9]
 [3 280 2500 11]
 [3 280 2500 11]
 [3 280 2500 3]
 [3 280 2500 50]
 [3 280 2500 41]
 [3 280 2500 43]]
[[3 280 2500 13]
 [3 280 2500 11]
 [3 280 2500 2]
 [3 280 2500 9]
 [3 280 2500 38]
 [3 280 2500 8]
 [3 280 2500 28]
 [3 280 2500 19]
 [3 280 2500 22]
 [3 280 2500 30]]
[[3 280 2500 38]
 [3 280 2500 7]
 [3 280 2500 22]
 [3 280 2500 31]
 [3 280 2500 43]
 [3 280 2500 44]
 [3 280 2500 34]
 [3 280 2500 33]
 [3 280 2500 35]
 [3 280 2500 30]]
[[3 280 2500 41]
 [3 280 2500 19]
 [3 280 2500 39]
 [3 280 2500 24]
 [3 280 2500 49]
 [3 280 2500 30]
 [3 280 2500 26]
 [3 280 2500 37]
 [3 280 2500 46]
 [3 280 2500 8]]
[[3 280 2500 14]
 [3 280 2500 11]
 [3 280 2500 9]
 [3 280 2500 25]
 [3 280 2500 50]
 [3 280 2500 31]
 [3 280 2500 31]
 [3 280 2500 37]
 [3 280 2500 48]
 [3 280 2500 25]]
[[3 280 2500 35]
 [3 280 2500 12]
 [3 280 2500 48]
 [3 280 2500 43]
 [3 280 2500 50]
 [3 280 2500 7]
 [3 280 2500 33]
 [3 280 2500 3]
 [3 280 2500 9]
 [3 280 2500 6]]
[[3 280 2500 46]
 [3 280 2500 11]
 [3 280 2500 12]
 [3 280 2500 7]
 [3 280 2500 38]
 [3 280 2500 6]
 [3 280 2500 49]
 [3 280 2500 18]
 [3 280 2500 31]
 [3 280 2500 35]]
[[3 280 2500 26]
 [3 280 2500 12]
 [3 280 2500 19]
 [3 280 2500 45]
 [3 280 2500 34]
 [3 280 2500 20]
 [3 280 2500 31]
 [3 280 2500 30]
 [3 280 2500 5]
 [3 280 2500 1]]
[[3 280 2500 9]
 [3 280 2500 1]
 [3 280 2500 16]
 [3 280 2500 10]
 [3 280 2500 33]
 [3 280 2500 29]
 [3 280 2500 45]
 [3 280 2500 40]
 [3 280 2500 5]
 [3 280 2500 41]]
[[3 280 2500 26]
 [3 280 2500 48]
 [3 280 2500 7]
 [3 280 2500 4]
 [3 280 2500 35]
 [3 280 2500 42]
 [3 280 2500 17]
 [3 280 2500 34]
 [3 280 2500 25]
 [3 280 2500 41]]
[[3 280 2500 34]
 [3 280 2500 42]
 [3 280 2500 21]
 [3 280 2500 44]
 [3 280 2500 4]
 [3 280 2500 4]
 [3 280 2500 14]
 [3 280 2500 8]
 [3 280 2500 42]
 [3 280 2500 11]]
[[3 280 2500 44]
 [3 280 2500 50]
 [3 280 2500 48]
 [3 280 2500 35]
 [3 280 2500 6]
 [3 280 2500 25]
 [3 280 2500 3]
 [3 280 2500 10]
 [3 280 2500 16]
 [3 280 2500 39]]
[[3 280 2500 47]
 [3 280 2500 26]
 [3 280 2500 34]
 [3 280 2500 19]
 [3 280 2500 29]
 [3 280 2500 12]
 [3 280 2500 15]
 [3 280 2500 35]
 [3 280 2500 2]
 [3 280 2500 41]]
[[3 280 2500 7]
 [3 280 2500 15]
 [3 280 2500 26]
 [3 280 2500 24]
 [3 280 2500 11]
 [3 280 2500 49]
 [3 280 2500 21]
 [3 280 2500 18]
 [3 280 2500 16]
 [3 280 2500 19]]
[[3 280 2500 39]
 [3 280 2500 35]
 [3 280 2500 30]
 [3 280 2500 5]
 [3 280 2500 25]
 [3 280 2500 43]
 [3 280 2500 25]
 [3 280 2500 13]
 [3 280 2500 48]
 [3 280 2500 41]]
[[3 280 2500 32]
 [3 280 2500 32]
 [3 280 2500 46]
 [3 280 2500 42]
 [3 280 2500 4]
 [3 280 2500 39]
 [3 280 2500 10]
 [3 280 2500 6]
 [3 280 2500 1]
 [3 280 2500 35]]
[[3 280 2500 33]
 [3 280 2500 35]
 [3 280 2500 9]
 [3 280 2500 36]
 [3 280 2500 45]
 [3 280 2500 42]
 [3 280 2500 34]
 [3 280 2500 32]
 [3 280 2500 2]
 [3 280 2500 31]]
[[3 280 2500 42]
 [3 280 2500 22]
 [3 280 2500 34]
 [3 280 2500 13]
 [3 280 2500 1]
 [3 280 2500 3]
 [3 280 2500 18]
 [3 280 2500 4]
 [3 280 2500 8]
 [3 280 2500 21]]
[[3 280 2500 13]
 [3 280 2500 18]
 [3 280 2500 1]
 [3 280 2500 6]
 [3 280 2500 38]
 [3 280 2500 17]
 [3 280 2500 14]
 [3 280 2500 19]
 [3 280 2500 32]
 [3 280 2500 11]]
[[3 280 2500 40]
 [3 280 2500 34]
 [3 280 2500 50]
 [3 280 2500 15]
 [3 280 2500 6]
 [3 280 2500 50]
 [3 280 2500 6]
 [3 280 2500 28]
 [3 280 2500 40]
 [3 280 2500 36]]
[[3 280 2500 11]
 [3 280 2500 21]
 [3 280 2500 22]
 [3 280 2500 3]
 [3 280 2500 24]
 [3 280 2500 47]
 [3 280 2500 23]
 [3 280 2500 23]
 [3 280 2500 16]
 [3 280 2500 40]]
[[3 280 2500 3]
 [3 280 2500 16]
 [3 280 2500 12]
 [3 280 2500 10]
 [3 280 2500 18]
 [3 280 2500 38]
 [3 280 2500 44]
 [3 280 2500 30]
 [3 280 2500 1]
 [3 280 2500 40]]
[[3 280 2500 11]
 [3 280 2500 15]
 [3 280 2500 1]
 [3 280 2500 25]
 [3 280 2500 12]
 [3 280 2500 10]
 [3 280 2500 10]
 [3 280 2500 47]
 [3 280 2500 41]
 [3 280 2500 3]]
[[3 280 2500 11]
 [3 280 2500 22]
 [3 280 2500 39]
 [3 280 2500 5]
 [3 280 2500 48]
 [3 280 2500 43]
 [3 280 2500 17]
 [3 280 2500 14]
 [3 280 2500 12]
 [3 280 2500 41]]
[[3 280 2500 50]
 [3 280 2500 16]
 [3 280 2500 6]
 [3 280 2500 21]
 [3 280 2500 29]
 [3 280 2500 13]
 [3 280 2500 14]
 [3 280 2500 3]
 [3 280 2500 26]
 [3 280 2500 38]]
[[3 280 2500 12]
 [3 280 2500 18]
 [3 280 2500 48]
 [3 280 2500 3]
 [3 280 2500 26]
 [3 280 2500 49]
 [3 280 2500 1]
 [3 280 2500 16]
 [3 280 2500 43]
 [3 280 2500 39]]
[[3 280 2500 18]
 [3 280 2500 6]
 [3 280 2500 46]
 [3 280 2500 2]
 [3 280 2500 42]
 [3 280 2500 4]
 [3 280 2500 42]
 [3 280 2500 4]
 [3 280 2500 35]
 [3 280 2500 20]]
[[3 280 2500 19]
 [3 280 2500 12]
 [3 280 2500 42]
 [3 280 2500 44]
 [3 280 2500 23]
 [3 280 2500 9]
 [3 280 2500 40]
 [3 280 2500 13]
 [3 280 2500 26]
 [3 280 2500 41]]
[[3 280 2500 18]
 [3 280 2500 10]
 [3 280 2500 1]
 [3 280 2500 21]
 [3 280 2500 28]
 [3 280 2500 39]
 [3 280 2500 46]
 [3 280 2500 2]
 [3 280 2500 43]
 [3 280 2500 9]]
[[3 280 2500 40]
 [3 280 2500 11]
 [3 280 2500 6]
 [3 280 2500 36]
 [3 280 2500 9]
 [3 280 2500 39]
 [3 280 2500 10]
 [3 280 2500 35]
 [3 280 2500 22]
 [3 280 2500 46]]
[[3 280 2500 30]
 [3 280 2500 9]
 [3 280 2500 48]
 [3 280 2500 2]
 [3 280 2500 31]
 [3 280 2500 47]
 [3 280 2500 25]
 [3 280 2500 20]
 [3 280 2500 27]
 [3 280 2500 15]]
[[3 280 2500 1]
 [3 280 2500 50]
 [3 280 2500 6]
 [3 280 2500 1]
 [3 280 2500 5]
 [3 280 2500 44]
 [3 280 2500 2]
 [3 280 2500 22]
 [3 280 2500 26]
 [3 280 2500 33]]
[[3 280 2500 5]
 [3 280 2500 2]
 [3 280 2500 26]
 [3 280 2500 38]
 [3 280 2500 1]
 [3 280 2500 26]
 [3 280 2500 46]
 [3 280 2500 31]
 [3 280 2500 48]
 [3 280 2500 34]]
[[3 280 2500 1]
 [3 280 2500 40]
 [3 280 2500 28]
 [3 280 2500 40]
 [3 280 2500 2]
 [3 280 2500 17]
 [3 280 2500 13]
 [3 280 2500 2]
 [3 280 2500 34]
 [3 280 2500 22]]
[[3 280 2500 8]
 [3 280 2500 23]
 [3 280 2500 6]
 [3 280 2500 50]
 [3 280 2500 4]
 [3 280 2500 33]
 [3 280 2500 3]
 [3 280 2500 44]
 [3 280 2500 48]
 [3 280 2500 43]]
[[3 280 2500 48]
 [3 280 2500 19]
 [3 280 2500 6]
 [3 280 2500 40]
 [3 280 2500 49]
 [3 280 2500 26]
 [3 280 2500 11]
 [3 280 2500 5]
 [3 280 2500 23]
 [3 280 2500 39]]
[[3 280 2500 7]
 [3 280 2500 3]
 [3 280 2500 50]
 [3 280 2500 30]
 [3 280 2500 33]
 [3 280 2500 21]
 [3 280 2500 27]
 [3 280 2500 38]
 [3 280 2500 22]
 [3 280 2500 17]]
[[3 280 2500 29]
 [3 280 2500 48]
 [3 280 2500 11]
 [3 280 2500 10]
 [3 280 2500 8]
 [3 280 2500 45]
 [3 280 2500 22]
 [3 280 2500 43]
 [3 280 2500 13]
 [3 280 2500 1]]
[[3 280 2500 26]
 [3 280 2500 36]
 [3 280 2500 7]
 [3 280 2500 37]
 [3 280 2500 50]
 [3 280 2500 27]
 [3 280 2500 30]
 [3 280 2500 30]
 [3 280 2500 14]
 [3 280 2500 42]]
[[3 280 2500 20]
 [3 280 2500 38]
 [3 280 2500 33]
 [3 280 2500 27]
 [3 280 2500 38]
 [3 280 2500 20]
 [3 280 2500 26]
 [3 280 2500 12]
 [3 280 2500 37]
 [3 280 2500 48]]
[[3 280 2500 17]
 [3 280 2500 41]
 [3 280 2500 23]
 [3 280 2500 44]
 [3 280 2500 32]
 [3 280 2500 6]
 [3 280 2500 17]
 [3 280 2500 1]
 [3 280 2500 37]
 [3 280 2500 18]]
[[3 280 2500 8]
 [3 280 2500 10]
 [3 280 2500 36]
 [3 280 2500 2]
 [3 280 2500 34]
 [3 280 2500 27]
 [3 280 2500 20]
 [3 280 2500 45]
 [3 280 2500 26]
 [3 280 2500 4]]
[[3 280 2500 18]
 [3 280 2500 38]
 [3 280 2500 2]
 [3 280 2500 35]
 [3 280 2500 14]
 [3 280 2500 12]
 [3 280 2500 4]
 [3 280 2500 24]
 [3 280 2500 15]
 [3 280 2500 32]]
[[3 280 2500 31]
 [3 280 2500 19]
 [3 280 2500 8]
 [3 280 2500 20]
 [3 280 2500 8]
 [3 280 2500 21]
 [3 280 2500 35]
 [3 280 2500 37]
 [3 280 2500 32]
 [3 280 2500 40]]
[[3 280 2500 8]
 [3 280 2500 49]
 [3 280 2500 25]
 [3 280 2500 35]
 [3 280 2500 2]
 [3 280 2500 16]
 [3 280 2500 24]
 [3 280 2500 46]
 [3 280 2500 45]
 [3 280 2500 27]]
[[3 280 2500 3]
 [3 280 2500 3]
 [3 280 2500 14]
 [3 280 2500 8]
 [3 280 2500 10]
 [3 280 2500 4]
 [3 280 2500 25]
 [3 280 2500 22]
 [3 280 2500 40]
 [3 280 2500 20]]
[[3 280 2500 9]
 [3 280 2500 44]
 [3 280 2500 48]
 [3 280 2500 40]
 [3 280 2500 5]
 [3 280 2500 48]
 [3 280 2500 38]
 [3 280 2500 28]
 [3 280 2500 9]
 [3 280 2500 5]]
[[3 280 2500 7]
 [3 280 2500 1]
 [3 280 2500 25]
 [3 280 2500 1]
 [3 280 2500 30]
 [3 280 2500 19]
 [3 280 2500 40]
 [3 280 2500 46]
 [3 280 2500 23]
 [3 280 2500 13]]
[[3 280 2500 40]
 [3 280 2500 30]
 [3 280 2500 20]
 [3 280 2500 38]
 [3 280 2500 38]
 [3 280 2500 34]
 [3 280 2500 45]
 [3 280 2500 29]
 [3 280 2500 10]
 [3 280 2500 9]]
[[3 280 2500 49]
 [3 280 2500 42]
 [3 280 2500 35]
 [3 280 2500 15]
 [3 280 2500 14]
 [3 280 2500 48]
 [3 280 2500 25]
 [3 280 2500 40]
 [3 280 2500 32]
 [3 280 2500 1]]
[[3 280 2500 38]
 [3 280 2500 42]
 [3 280 2500 40]
 [3 280 2500 11]
 [3 280 2500 34]
 [3 280 2500 6]
 [3 280 2500 23]
 [3 280 2500 41]
 [3 280 2500 25]
 [3 280 2500 18]]
[[3 280 2500 40]
 [3 280 2500 28]
 [3 280 2500 10]
 [3 280 2500 10]
 [3 280 2500 17]
 [3 280 2500 3]
 [3 280 2500 30]
 [3 280 2500 25]
 [3 280 2500 47]
 [3 280 2500 36]]
[[3 280 2500 49]
 [3 280 2500 4]
 [3 280 2500 22]
 [3 280 2500 22]
 [3 280 2500 36]
 [3 280 2500 29]
 [3 280 2500 19]
 [3 280 2500 22]
 [3 280 2500 18]
 [3 280 2500 35]]
[[3 280 2500 17]
 [3 280 2500 9]
 [3 280 2500 9]
 [3 280 2500 14]
 [3 280 2500 35]
 [3 280 2500 19]
 [3 280 2500 24]
 [3 280 2500 29]
 [3 280 2500 43]
 [3 280 2500 10]]
[[3 280 2500 6]
 [3 280 2500 47]
 [3 280 2500 15]
 [3 280 2500 10]
 [3 280 2500 5]
 [3 280 2500 45]
 [3 280 2500 15]
 [3 280 2500 13]
 [3 280 2500 40]
 [3 280 2500 16]]
[[3 280 2500 35]
 [3 280 2500 30]
 [3 280 2500 43]
 [3 280 2500 10]
 [3 280 2500 8]
 [3 280 2500 20]
 [3 280 2500 46]
 [3 280 2500 34]
 [3 280 2500 42]
 [3 280 2500 3]]
[[3 280 2500 38]
 [3 280 2500 7]
 [3 280 2500 32]
 [3 280 2500 27]
 [3 280 2500 17]
 [3 280 2500 11]
 [3 280 2500 39]
 [3 280 2500 35]
 [3 280 2500 20]
 [3 280 2500 16]]
[[3 280 2500 18]
 [3 280 2500 35]
 [3 280 2500 34]
 [3 280 2500 47]
 [3 280 2500 36]
 [3 280 2500 28]
 [3 280 2500 14]
 [3 280 2500 35]
 [3 280 2500 12]
 [3 280 2500 32]]
[[3 280 2500 23]
 [3 280 2500 27]
 [3 280 2500 14]
 [3 280 2500 41]
 [3 280 2500 35]
 [3 280 2500 46]
 [3 280 2500 9]
 [3 280 2500 10]
 [3 280 2500 27]
 [3 280 2500 47]]
[[3 280 2500 26]
 [3 280 2500 39]
 [3 280 2500 8]
 [3 280 2500 30]
 [3 280 2500 9]
 [3 280 2500 34]
 [3 280 2500 24]
 [3 280 2500 32]
 [3 280 2500 37]
 [3 280 2500 11]]
[[3 280 2500 27]
 [3 280 2500 45]
 [3 280 2500 33]
 [3 280 2500 4]
 [3 280 2500 7]
 [3 280 2500 28]
 [3 280 2500 19]
 [3 280 2500 9]
 [3 280 2500 6]
 [3 280 2500 23]]
[[3 280 2500 25]
 [3 280 2500 14]
 [3 280 2500 34]
 [3 280 2500 30]
 [3 280 2500 38]
 [3 280 2500 6]
 [3 280 2500 9]
 [3 280 2500 50]
 [3 280 2500 25]
 [3 280 2500 49]]
[[3 280 2500 23]
 [3 280 2500 41]
 [3 280 2500 19]
 [3 280 2500 15]
 [3 280 2500 41]
 [3 280 2500 39]
 [3 280 2500 27]
 [3 280 2500 19]
 [3 280 2500 46]
 [3 280 2500 36]]
[[3 280 2500 5]
 [3 280 2500 43]
 [3 280 2500 2]
 [3 280 2500 13]
 [3 280 2500 43]
 [3 280 2500 21]
 [3 280 2500 50]
 [3 280 2500 30]
 [3 280 2500 7]
 [3 280 2500 40]]
[[3 280 2500 6]
 [3 280 2500 5]
 [3 280 2500 14]
 [3 280 2500 40]
 [3 280 2500 8]
 [3 280 2500 36]
 [3 280 2500 28]
 [3 280 2500 21]
 [3 280 2500 26]
 [3 280 2500 11]]
[[3 280 2500 12]
 [3 280 2500 20]
 [3 280 2500 29]
 [3 280 2500 31]
 [3 280 2500 7]
 [3 280 2500 46]
 [3 280 2500 49]
 [3 280 2500 4]
 [3 280 2500 37]
 [3 280 2500 17]]
[[3 280 2500 45]
 [3 280 2500 18]
 [3 280 2500 27]
 [3 280 2500 48]
 [3 280 2500 47]
 [3 280 2500 36]
 [3 280 2500 45]
 [3 280 2500 11]
 [3 280 2500 48]
 [3 280 2500 11]]
[[3 280 2500 23]
 [3 280 2500 46]
 [3 280 2500 16]
 [3 280 2500 29]
 [3 280 2500 38]
 [3 280 2500 10]
 [3 280 2500 45]
 [3 280 2500 41]
 [3 280 2500 27]
 [3 280 2500 16]]
[[3 280 2500 7]
 [3 280 2500 38]
 [3 280 2500 34]
 [3 280 2500 49]
 [3 280 2500 7]
 [3 280 2500 35]
 [3 280 2500 18]
 [3 280 2500 34]
 [3 280 2500 15]
 [3 280 2500 39]]
[[3 280 2500 30]
 [3 280 2500 17]
 [3 280 2500 40]
 [3 280 2500 20]
 [3 280 2500 16]
 [3 280 2500 20]
 [3 280 2500 11]
 [3 280 2500 42]
 [3 280 2500 5]
 [3 280 2500 38]]
[[3 280 2500 6]
 [3 280 2500 5]
 [3 280 2500 36]
 [3 280 2500 45]
 [3 280 2500 41]
 [3 280 2500 49]
 [3 280 2500 19]
 [3 280 2500 17]
 [3 280 2500 36]
 [3 280 2500 37]]
[[3 280 2500 5]
 [3 280 2500 24]
 [3 280 2500 33]
 [3 280 2500 14]
 [3 280 2500 8]
 [3 280 2500 33]
 [3 280 2500 22]
 [3 280 2500 9]
 [3 280 2500 29]
 [3 280 2500 41]]
[[3 280 2500 18]
 [3 280 2500 49]
 [3 280 2500 26]
 [3 280 2500 16]
 [3 280 2500 36]
 [3 280 2500 6]
 [3 280 2500 43]
 [3 280 2500 18]
 [3 280 2500 41]
 [3 280 2500 6]]
[[3 280 2500 27]
 [3 280 2500 39]
 [3 280 2500 44]
 [3 280 2500 37]
 [3 280 2500 1]
 [3 280 2500 39]
 [3 280 2500 32]
 [3 280 2500 10]
 [3 280 2500 25]
 [3 280 2500 34]]
[[3 280 2500 47]
 [3 280 2500 41]
 [3 280 2500 20]
 [3 280 2500 33]
 [3 280 2500 36]
 [3 280 2500 33]
 [3 280 2500 37]
 [3 280 2500 8]
 [3 280 2500 42]
 [3 280 2500 25]]
[[3 280 2500 34]
 [3 280 2500 15]
 [3 280 2500 17]
 [3 280 2500 11]
 [3 280 2500 10]
 [3 280 2500 27]
 [3 280 2500 34]
 [3 280 2500 36]
 [3 280 2500 34]
 [3 280 2500 23]]
[[3 280 2500 14]
 [3 280 2500 5]
 [3 280 2500 16]
 [3 280 2500 18]
 [3 280 2500 42]
 [3 280 2500 37]
 [3 280 2500 20]
 [3 280 2500 8]
 [3 280 2500 10]
 [3 280 2500 31]]
[[3 280 2500 11]
 [3 280 2500 22]
 [3 280 2500 34]
 [3 280 2500 31]
 [3 280 2500 2]
 [3 280 2500 27]
 [3 280 2500 29]
 [3 280 2500 22]
 [3 280 2500 13]
 [3 280 2500 48]]
[[3 280 2500 36]
 [3 280 2500 33]
 [3 280 2500 29]
 [3 280 2500 31]
 [3 280 2500 2]
 [3 280 2500 48]
 [3 280 2500 5]
 [3 280 2500 50]
 [3 280 2500 31]
 [3 280 2500 29]]
[[3 280 2500 23]
 [3 280 2500 34]
 [3 280 2500 33]
 [3 280 2500 44]
 [3 280 2500 45]
 [3 280 2500 9]
 [3 280 2500 20]
 [3 280 2500 37]
 [3 280 2500 47]
 [3 280 2500 13]]
[[3 280 2500 30]
 [3 280 2500 33]
 [3 280 2500 29]
 [3 280 2500 41]
 [3 280 2500 46]
 [3 280 2500 22]
 [3 280 2500 44]
 [3 280 2500 37]
 [3 280 2500 18]
 [3 280 2500 44]]
[[3 280 2500 25]
 [3 280 2500 4]
 [3 280 2500 30]
 [3 280 2500 2]
 [3 280 2500 16]
 [3 280 2500 46]
 [3 280 2500 47]
 [3 280 2500 31]
 [3 280 2500 19]
 [3 280 2500 41]]
[[3 280 2500 29]
 [3 280 2500 13]
 [3 280 2500 33]
 [3 280 2500 38]
 [3 280 2500 33]
 [3 280 2500 6]
 [3 280 2500 43]
 [3 280 2500 42]
 [3 280 2500 1]
 [3 280 2500 18]]
[[3 280 2500 9]
 [3 280 2500 33]
 [3 280 2500 50]
 [3 280 2500 41]
 [3 280 2500 23]
 [3 280 2500 35]
 [3 280 2500 50]
 [3 280 2500 4]
 [3 280 2500 32]
 [3 280 2500 1]]
[[3 280 2500 6]
 [3 280 2500 47]
 [3 280 2500 48]
 [3 280 2500 34]
 [3 280 2500 13]
 [3 280 2500 17]
 [3 280 2500 34]
 [3 280 2500 40]
 [3 280 2500 4]
 [3 280 2500 30]]
[[3 280 2500 50]
 [3 280 2500 38]
 [3 280 2500 20]
 [3 280 2500 32]
 [3 280 2500 29]
 [3 280 2500 35]
 [3 280 2500 7]
 [3 280 2500 11]
 [3 280 2500 45]
 [3 280 2500 2]]
[[3 280 2500 33]
 [3 280 2500 31]
 [3 280 2500 20]
 [3 280 2500 16]
 [3 280 2500 17]
 [3 280 2500 45]
 [3 280 2500 19]
 [3 280 2500 9]
 [3 280 2500 34]
 [3 280 2500 44]]
[[3 280 2500 5]
 [3 280 2500 35]
 [3 280 2500 31]
 [3 280 2500 50]
 [3 280 2500 11]
 [3 280 2500 22]
 [3 280 2500 11]
 [3 280 2500 3]
 [3 280 2500 10]
 [3 280 2500 41]]
[[3 280 2500 31]
 [3 280 2500 28]
 [3 280 2500 9]
 [3 280 2500 44]
 [3 280 2500 16]
 [3 280 2500 12]
 [3 280 2500 17]
 [3 280 2500 4]
 [3 280 2500 29]
 [3 280 2500 5]]
[[3 280 2500 50]
 [3 280 2500 47]
 [3 280 2500 37]
 [3 280 2500 28]
 [3 280 2500 36]
 [3 280 2500 23]
 [3 280 2500 25]
 [3 280 2500 19]
 [3 280 2500 23]
 [3 280 2500 18]]
[[3 280 2500 28]
 [3 280 2500 13]
 [3 280 2500 16]
 [3 280 2500 15]
 [3 280 2500 35]
 [3 280 2500 30]
 [3 280 2500 18]
 [3 280 2500 12]
 [3 280 2500 14]
 [3 280 2500 9]]
[[3 280 2500 41]
 [3 280 2500 6]
 [3 280 2500 28]
 [3 280 2500 50]
 [3 280 2500 30]
 [3 280 2500 21]
 [3 280 2500 47]
 [3 280 2500 12]
 [3 280 2500 46]
 [3 280 2500 38]]
[[3 280 2500 43]
 [3 280 2500 23]
 [3 280 2500 46]
 [3 280 2500 33]
 [3 280 2500 18]
 [3 280 2500 35]
 [3 280 2500 16]
 [3 280 2500 36]
 [3 280 2500 28]
 [3 280 2500 14]]
[[3 280 2500 24]
 [3 280 2500 11]
 [3 280 2500 38]
 [3 280 2500 17]
 [3 280 2500 39]
 [3 280 2500 19]
 [3 280 2500 12]
 [3 280 2500 39]
 [3 280 2500 39]
 [3 280 2500 19]]
[[3 280 2500 26]
 [3 280 2500 31]
 [3 280 2500 49]
 [3 280 2500 46]
 [3 280 2500 5]
 [3 280 2500 18]
 [3 280 2500 20]
 [3 280 2500 14]
 [3 280 2500 44]
 [3 280 2500 50]]
[[3 280 2500 6]
 [3 280 2500 33]
 [3 280 2500 16]
 [3 280 2500 8]
 [3 280 2500 17]
 [3 280 2500 49]
 [3 280 2500 1]
 [3 280 2500 10]
 [3 280 2500 43]
 [3 280 2500 45]]
[[3 280 2500 11]
 [3 280 2500 3]
 [3 280 2500 11]
 [3 280 2500 27]
 [3 280 2500 12]
 [3 280 2500 32]
 [3 280 2500 14]
 [3 280 2500 31]
 [3 280 2500 42]
 [3 280 2500 8]]
[[3 280 2500 48]
 [3 280 2500 43]
 [3 280 2500 36]
 [3 280 2500 38]
 [3 280 2500 22]
 [3 280 2500 43]
 [3 280 2500 3]
 [3 280 2500 40]
 [3 280 2500 47]
 [3 280 2500 10]]
[[3 280 2500 45]
 [3 280 2500 49]
 [3 280 2500 11]
 [3 280 2500 38]
 [3 280 2500 3]
 [3 280 2500 45]
 [3 280 2500 13]
 [3 280 2500 12]
 [3 280 2500 27]
 [3 280 2500 8]]
[[3 280 2500 5]
 [3 280 2500 33]
 [3 280 2500 11]
 [3 280 2500 27]
 [3 280 2500 43]
 [3 280 2500 25]
 [3 280 2500 44]
 [3 280 2500 5]
 [3 280 2500 50]
 [3 280 2500 16]]
[[3 280 2500 5]
 [3 280 2500 21]
 [3 280 2500 25]
 [3 280 2500 2]
 [3 280 2500 12]
 [3 280 2500 14]
 [3 280 2500 28]
 [3 280 2500 39]
 [3 280 2500 34]
 [3 280 2500 16]]
[[3 280 2500 3]
 [3 280 2500 3]
 [3 280 2500 40]
 [3 280 2500 48]
 [3 280 2500 25]
 [3 280 2500 4]
 [3 280 2500 18]
 [3 280 2500 8]
 [3 280 2500 5]
 [3 280 2500 14]]
[[3 280 2500 40]
 [3 280 2500 20]
 [3 280 2500 12]
 [3 280 2500 43]
 [3 280 2500 20]
 [3 280 2500 45]
 [3 280 2500 18]
 [3 280 2500 19]
 [3 280 2500 8]
 [3 280 2500 20]]
[[3 280 2500 50]
 [3 280 2500 3]
 [3 280 2500 12]
 [3 280 2500 17]
 [3 280 2500 16]
 [3 280 2500 14]
 [3 280 2500 36]
 [3 280 2500 27]
 [3 280 2500 22]
 [3 280 2500 33]]
[[3 280 2500 31]
 [3 280 2500 3]
 [3 280 2500 27]
 [3 280 2500 5]
 [3 280 2500 33]
 [3 280 2500 4]
 [3 280 2500 35]
 [3 280 2500 13]
 [3 280 2500 39]
 [3 280 2500 45]]
[[3 280 2500 21]
 [3 280 2500 42]
 [3 280 2500 47]
 [3 280 2500 20]
 [3 280 2500 41]
 [3 280 2500 18]
 [3 280 2500 12]
 [3 280 2500 29]
 [3 280 2500 4]
 [3 280 2500 10]]
[[3 280 2500 25]
 [3 280 2500 8]
 [3 280 2500 45]
 [3 280 2500 22]
 [3 280 2500 7]
 [3 280 2500 36]
 [3 280 2500 3]
 [3 280 2500 40]
 [3 280 2500 39]
 [3 280 2500 46]]
[[3 280 2500 5]
 [3 280 2500 50]
 [3 280 2500 47]
 [3 280 2500 44]
 [3 280 2500 20]
 [3 280 2500 7]
 [3 280 2500 5]
 [3 280 2500 42]
 [3 280 2500 40]
 [3 280 2500 22]]
[[3 280 2500 17]
 [3 280 2500 50]
 [3 280 2500 30]
 [3 280 2500 38]
 [3 280 2500 49]
 [3 280 2500 29]
 [3 280 2500 42]
 [3 280 2500 37]
 [3 280 2500 47]
 [3 280 2500 15]]
[[3 280 2500 49]
 [3 280 2500 27]
 [3 280 2500 7]
 [3 280 2500 17]
 [3 280 2500 3]
 [3 280 2500 24]
 [3 280 2500 26]
 [3 280 2500 25]
 [3 280 2500 32]
 [3 280 2500 23]]
[[3 280 2500 27]
 [3 280 2500 9]
 [3 280 2500 38]
 [3 280 2500 28]
 [3 280 2500 23]
 [3 280 2500 5]
 [3 280 2500 24]
 [3 280 2500 41]
 [3 280 2500 45]
 [3 280 2500 14]]
[[3 280 2500 38]
 [3 280 2500 14]
 [3 280 2500 19]
 [3 280 2500 2]
 [3 280 2500 20]
 [3 280 2500 1]
 [3 280 2500 27]
 [3 280 2500 10]
 [3 280 2500 42]
 [3 280 2500 40]]
[[3 280 2500 4]
 [3 280 2500 2]
 [3 280 2500 46]
 [3 280 2500 13]
 [3 280 2500 9]
 [3 280 2500 2]
 [3 280 2500 8]
 [3 280 2500 18]
 [3 280 2500 20]
 [3 280 2500 23]]
[[3 280 2500 49]
 [3 280 2500 27]
 [3 280 2500 34]
 [3 280 2500 1]
 [3 280 2500 3]
 [3 280 2500 14]
 [3 280 2500 22]
 [3 280 2500 11]
 [3 280 2500 47]
 [3 280 2500 36]]
[[3 280 2500 12]
 [3 280 2500 32]
 [3 280 2500 15]
 [3 280 2500 26]
 [3 280 2500 2]
 [3 280 2500 48]
 [3 280 2500 23]
 [3 280 2500 28]
 [3 280 2500 49]
 [3 280 2500 23]]
[[3 280 2500 30]
 [3 280 2500 39]
 [3 280 2500 42]
 [3 280 2500 25]
 [3 280 2500 20]
 [3 280 2500 32]
 [3 280 2500 1]
 [3 280 2500 43]
 [3 280 2500 7]
 [3 280 2500 26]]
[[3 280 2500 43]
 [3 280 2500 33]
 [3 280 2500 21]
 [3 280 2500 22]
 [3 280 2500 46]
 [3 280 2500 34]
 [3 280 2500 36]
 [3 280 2500 50]
 [3 280 2500 19]
 [3 280 2500 40]]
[[3 280 2500 8]
 [3 280 2500 46]
 [3 280 2500 26]
 [3 280 2500 28]
 [3 280 2500 11]
 [3 280 2500 34]
 [3 280 2500 41]
 [3 280 2500 19]
 [3 280 2500 9]
 [3 280 2500 27]]
[[3 280 2500 25]
 [3 280 2500 32]
 [3 280 2500 39]
 [3 280 2500 9]
 [3 280 2500 21]
 [3 280 2500 33]
 [3 280 2500 33]
 [3 280 2500 11]
 [3 280 2500 7]
 [3 280 2500 10]]
[[3 280 2500 36]
 [3 280 2500 22]
 [3 280 2500 38]
 [3 280 2500 36]
 [3 280 2500 24]
 [3 280 2500 29]
 [3 280 2500 2]
 [3 280 2500 36]
 [3 280 2500 5]
 [3 280 2500 39]]
[[3 280 2500 5]
 [3 280 2500 46]
 [3 280 2500 4]
 [3 280 2500 38]
 [3 280 2500 28]
 [3 280 2500 25]
 [3 280 2500 21]
 [3 280 2500 47]
 [3 280 2500 32]
 [3 280 2500 20]]
[[3 280 2500 39]
 [3 280 2500 25]
 [3 280 2500 5]
 [3 280 2500 44]
 [3 280 2500 37]
 [3 280 2500 47]
 [3 280 2500 45]
 [3 280 2500 26]
 [3 280 2500 11]
 [3 280 2500 11]]
[[3 280 2500 21]
 [3 280 2500 28]
 [3 280 2500 12]
 [3 280 2500 4]
 [3 280 2500 46]
 [3 280 2500 26]
 [3 280 2500 19]
 [3 280 2500 45]
 [3 280 2500 15]
 [3 280 2500 31]]
[[3 280 2500 33]
 [3 280 2500 38]
 [3 280 2500 13]
 [3 280 2500 7]
 [3 280 2500 37]
 [3 280 2500 49]
 [3 280 2500 14]
 [3 280 2500 5]
 [3 280 2500 27]
 [3 280 2500 10]]
[[3 280 2500 1]
 [3 280 2500 5]
 [3 280 2500 18]
 [3 280 2500 30]
 [3 280 2500 10]
 [3 280 2500 29]
 [3 280 2500 10]
 [3 280 2500 32]
 [3 280 2500 6]
 [3 280 2500 37]]
[[3 280 2500 41]
 [3 280 2500 10]
 [3 280 2500 34]
 [3 280 2500 26]
 [3 280 2500 21]
 [3 280 2500 8]
 [3 280 2500 39]
 [3 280 2500 29]
 [3 280 2500 31]
 [3 280 2500 50]]
[[3 280 2500 22]
 [3 280 2500 49]
 [3 280 2500 1]
 [3 280 2500 24]
 [3 280 2500 43]
 [3 280 2500 10]
 [3 280 2500 9]
 [3 280 2500 31]
 [3 280 2500 35]
 [3 280 2500 6]]
[[3 280 2500 45]
 [3 280 2500 7]
 [3 280 2500 20]
 [3 280 2500 37]
 [3 280 2500 45]
 [3 280 2500 44]
 [3 280 2500 31]
 [3 280 2500 36]
 [3 280 2500 38]
 [3 280 2500 39]]
[[3 280 2500 35]
 [3 280 2500 40]
 [3 280 2500 48]
 [3 280 2500 25]
 [3 280 2500 40]
 [3 280 2500 17]
 [3 280 2500 44]
 [3 280 2500 19]
 [3 280 2500 46]
 [3 280 2500 13]]
[[3 280 2500 36]
 [3 280 2500 45]
 [3 280 2500 7]
 [3 280 2500 48]
 [3 280 2500 47]
 [3 280 2500 49]
 [3 280 2500 3]
 [3 280 2500 31]
 [3 280 2500 41]
 [3 280 2500 14]]
[[3 280 2500 13]
 [3 280 2500 42]
 [3 280 2500 49]
 [3 280 2500 1]
 [3 280 2500 19]
 [3 280 2500 37]
 [3 280 2500 13]
 [3 280 2500 45]
 [3 280 2500 31]
 [3 280 2500 47]]
[[3 280 2500 2]
 [3 280 2500 20]
 [3 280 2500 24]
 [3 280 2500 11]
 [3 280 2500 49]
 [3 280 2500 36]
 [3 280 2500 14]
 [3 280 2500 47]
 [3 280 2500 39]
 [3 280 2500 19]]
[[3 280 2500 11]
 [3 280 2500 18]
 [3 280 2500 15]
 [3 280 2500 35]
 [3 280 2500 1]
 [3 280 2500 16]
 [3 280 2500 36]
 [3 280 2500 49]
 [3 280 2500 33]
 [3 280 2500 2]]
[[3 280 2500 14]
 [3 280 2500 44]
 [3 280 2500 24]
 [3 280 2500 12]
 [3 280 2500 30]
 [3 280 2500 45]
 [3 280 2500 30]
 [3 280 2500 16]
 [3 280 2500 20]
 [3 280 2500 29]]
[[3 280 2500 25]
 [3 280 2500 34]
 [3 280 2500 9]
 [3 280 2500 29]
 [3 280 2500 10]
 [3 280 2500 33]
 [3 280 2500 6]
 [3 280 2500 28]
 [3 280 2500 1]
 [3 280 2500 12]]
[[3 280 2500 41]
 [3 280 2500 37]
 [3 280 2500 37]
 [3 280 2500 20]
 [3 280 2500 43]
 [3 280 2500 7]
 [3 280 2500 4]
 [3 280 2500 30]
 [3 280 2500 20]
 [3 280 2500 18]]
[[3 280 2500 7]
 [3 280 2500 22]
 [3 280 2500 32]
 [3 280 2500 35]
 [3 280 2500 19]
 [3 280 2500 8]
 [3 280 2500 30]
 [3 280 2500 20]
 [3 280 2500 35]
 [3 280 2500 23]]
[[3 280 2500 23]
 [3 280 2500 32]
 [3 280 2500 32]
 [3 280 2500 44]
 [3 280 2500 49]
 [3 280 2500 17]
 [3 280 2500 18]
 [3 280 2500 22]
 [3 280 2500 26]
 [3 280 2500 13]]
[[3 280 2500 7]
 [3 280 2500 5]
 [3 280 2500 30]
 [3 280 2500 42]
 [3 280 2500 5]
 [3 280 2500 26]
 [3 280 2500 19]
 [3 280 2500 20]
 [3 280 2500 16]
 [3 280 2500 38]]
[[3 280 2500 48]
 [3 280 2500 28]
 [3 280 2500 50]
 [3 280 2500 49]
 [3 280 2500 14]
 [3 280 2500 8]
 [3 280 2500 15]
 [3 280 2500 23]
 [3 280 2500 32]
 [3 280 2500 43]]
[[3 280 2500 44]
 [3 280 2500 27]
 [3 280 2500 41]
 [3 280 2500 32]
 [3 280 2500 45]
 [3 280 2500 46]
 [3 280 2500 47]
 [3 280 2500 38]
 [3 280 2500 4]
 [3 280 2500 4]]
[[3 280 2500 17]
 [3 280 2500 16]
 [3 280 2500 4]
 [3 280 2500 1]
 [3 280 2500 36]
 [3 280 2500 10]
 [3 280 2500 37]
 [3 280 2500 49]
 [3 280 2500 44]
 [3 280 2500 40]]
[[3 280 2500 22]
 [3 280 2500 19]
 [3 280 2500 49]
 [3 280 2500 13]
 [3 280 2500 48]
 [3 280 2500 23]
 [3 280 2500 19]
 [3 280 2500 41]
 [3 280 2500 9]
 [3 280 2500 26]]
[[3 280 2500 38]
 [3 280 2500 2]
 [3 280 2500 16]
 [3 280 2500 26]
 [3 280 2500 23]
 [3 280 2500 8]
 [3 280 2500 23]
 [3 280 2500 17]
 [3 280 2500 13]
 [3 280 2500 16]]
[[3 280 2500 41]
 [3 280 2500 11]
 [3 280 2500 28]
 [3 280 2500 11]
 [3 280 2500 22]
 [3 280 2500 6]
 [3 280 2500 43]
 [3 280 2500 31]
 [3 280 2500 5]
 [3 280 2500 37]]
[[3 280 2500 5]
 [3 280 2500 46]
 [3 280 2500 22]
 [3 280 2500 50]
 [3 280 2500 50]
 [3 280 2500 10]
 [3 280 2500 4]
 [3 280 2500 17]
 [3 280 2500 40]
 [3 280 2500 21]]
[[3 280 2500 47]
 [3 280 2500 43]
 [3 280 2500 31]
 [3 280 2500 33]
 [3 280 2500 22]
 [3 280 2500 12]
 [3 280 2500 9]
 [3 280 2500 16]
 [3 280 2500 23]
 [3 280 2500 21]]
[[3 280 2500 4]
 [3 280 2500 50]
 [3 280 2500 12]
 [3 280 2500 11]
 [5 300 5000 6]
 [5 300 5000 46]
 [5 300 5000 34]
 [5 300 5000 15]
 [5 300 5000 21]
 [5 300 5000 44]]
[[5 300 5000 28]
 [5 300 5000 1]
 [5 300 5000 46]
 [5 300 5000 23]
 [5 300 5000 42]
 [5 300 5000 3]
 [5 300 5000 21]
 [5 300 5000 7]
 [5 300 5000 39]
 [5 300 5000 10]]
[[5 300 5000 32]
 [5 300 5000 38]
 [5 300 5000 27]
 [5 300 5000 44]
 [5 300 5000 18]
 [5 300 5000 15]
 [5 300 5000 9]
 [5 300 5000 38]
 [5 300 5000 26]
 [5 300 5000 27]]
[[5 300 5000 26]
 [5 300 5000 9]
 [5 300 5000 42]
 [5 300 5000 17]
 [5 300 5000 8]
 [5 300 5000 10]
 [5 300 5000 2]
 [5 300 5000 39]
 [5 300 5000 29]
 [5 300 5000 50]]
[[5 300 5000 23]
 [5 300 5000 11]
 [5 300 5000 18]
 [5 300 5000 3]
 [5 300 5000 44]
 [5 300 5000 35]
 [5 300 5000 30]
 [5 300 5000 6]
 [5 300 5000 10]
 [5 300 5000 22]]
[[5 300 5000 34]
 [5 300 5000 24]
 [5 300 5000 28]
 [5 300 5000 5]
 [5 300 5000 12]
 [5 300 5000 40]
 [5 300 5000 35]
 [5 300 5000 11]
 [5 300 5000 36]
 [5 300 5000 41]]
[[5 300 5000 46]
 [5 300 5000 19]
 [5 300 5000 2]
 [5 300 5000 50]
 [5 300 5000 13]
 [5 300 5000 18]
 [5 300 5000 22]
 [5 300 5000 2]
 [5 300 5000 1]
 [5 300 5000 15]]
[[5 300 5000 50]
 [5 300 5000 17]
 [5 300 5000 19]
 [5 300 5000 46]
 [5 300 5000 27]
 [5 300 5000 37]
 [5 300 5000 24]
 [5 300 5000 8]
 [5 300 5000 33]
 [5 300 5000 49]]
[[5 300 5000 28]
 [5 300 5000 16]
 [5 300 5000 12]
 [5 300 5000 5]
 [5 300 5000 35]
 [5 300 5000 31]
 [5 300 5000 7]
 [5 300 5000 12]
 [5 300 5000 5]
 [5 300 5000 50]]
[[5 300 5000 9]
 [5 300 5000 30]
 [5 300 5000 31]
 [5 300 5000 30]
 [5 300 5000 1]
 [5 300 5000 7]
 [5 300 5000 46]
 [5 300 5000 7]
 [5 300 5000 24]
 [5 300 5000 10]]
[[5 300 5000 36]
 [5 300 5000 5]
 [5 300 5000 7]
 [5 300 5000 3]
 [5 300 5000 12]
 [5 300 5000 1]
 [5 300 5000 33]
 [5 300 5000 28]
 [5 300 5000 43]
 [5 300 5000 20]]
[[5 300 5000 10]
 [5 300 5000 16]
 [5 300 5000 33]
 [5 300 5000 6]
 [5 300 5000 42]
 [5 300 5000 36]
 [5 300 5000 42]
 [5 300 5000 1]
 [5 300 5000 48]
 [5 300 5000 21]]
[[5 300 5000 28]
 [5 300 5000 27]
 [5 300 5000 3]
 [5 300 5000 48]
 [5 300 5000 30]
 [5 300 5000 29]
 [5 300 5000 37]
 [5 300 5000 50]
 [5 300 5000 12]
 [5 300 5000 30]]
[[5 300 5000 10]
 [5 300 5000 35]
 [5 300 5000 6]
 [5 300 5000 32]
 [5 300 5000 50]
 [5 300 5000 35]
 [5 300 5000 9]
 [5 300 5000 7]
 [5 300 5000 9]
 [5 300 5000 40]]
[[5 300 5000 33]
 [5 300 5000 46]
 [5 300 5000 50]
 [5 300 5000 24]
 [5 300 5000 24]
 [5 300 5000 2]
 [5 300 5000 39]
 [5 300 5000 43]
 [5 300 5000 34]
 [5 300 5000 21]]
[[5 300 5000 5]
 [5 300 5000 36]
 [5 300 5000 20]
 [5 300 5000 14]
 [5 300 5000 21]
 [5 300 5000 25]
 [5 300 5000 8]
 [5 300 5000 11]
 [5 300 5000 46]
 [5 300 5000 49]]
[[5 300 5000 2]
 [5 300 5000 31]
 [5 300 5000 41]
 [5 300 5000 20]
 [5 300 5000 12]
 [5 300 5000 9]
 [5 300 5000 40]
 [5 300 5000 47]
 [5 300 5000 37]
 [5 300 5000 25]]
[[5 300 5000 19]
 [5 300 5000 46]
 [5 300 5000 10]
 [5 300 5000 40]
 [5 300 5000 36]
 [5 300 5000 28]
 [5 300 5000 9]
 [5 300 5000 8]
 [5 300 5000 37]
 [5 300 5000 13]]
[[5 300 5000 48]
 [5 300 5000 49]
 [5 300 5000 22]
 [5 300 5000 26]
 [5 300 5000 2]
 [5 300 5000 50]
 [5 300 5000 6]
 [5 300 5000 31]
 [5 300 5000 44]
 [5 300 5000 8]]
[[5 300 5000 30]
 [5 300 5000 1]
 [5 300 5000 30]
 [5 300 5000 22]
 [5 300 5000 44]
 [5 300 5000 32]
 [5 300 5000 15]
 [5 300 5000 3]
 [5 300 5000 12]
 [5 300 5000 46]]
[[5 300 5000 37]
 [5 300 5000 44]
 [5 300 5000 41]
 [5 300 5000 7]
 [5 300 5000 45]
 [5 300 5000 3]
 [5 300 5000 5]
 [5 300 5000 13]
 [5 300 5000 10]
 [5 300 5000 25]]
[[5 300 5000 29]
 [5 300 5000 19]
 [5 300 5000 42]
 [5 300 5000 9]
 [5 300 5000 29]
 [5 300 5000 5]
 [5 300 5000 42]
 [5 300 5000 16]
 [5 300 5000 14]
 [5 300 5000 25]]
[[5 300 5000 37]
 [5 300 5000 27]
 [5 300 5000 18]
 [5 300 5000 27]
 [5 300 5000 46]
 [5 300 5000 37]
 [5 300 5000 2]
 [5 300 5000 19]
 [5 300 5000 11]
 [5 300 5000 12]]
[[5 300 5000 22]
 [5 300 5000 10]
 [5 300 5000 31]
 [5 300 5000 4]
 [5 300 5000 32]
 [5 300 5000 10]
 [5 300 5000 10]
 [5 300 5000 46]
 [5 300 5000 7]
 [5 300 5000 27]]
[[5 300 5000 30]
 [5 300 5000 10]
 [5 300 5000 24]
 [5 300 5000 34]
 [5 300 5000 22]
 [5 300 5000 49]
 [5 300 5000 46]
 [5 300 5000 5]
 [5 300 5000 20]
 [5 300 5000 12]]
[[5 300 5000 10]
 [5 300 5000 22]
 [5 300 5000 19]
 [5 300 5000 35]
 [5 300 5000 3]
 [5 300 5000 10]
 [5 300 5000 28]
 [5 300 5000 19]
 [5 300 5000 38]
 [5 300 5000 5]]
[[5 300 5000 37]
 [5 300 5000 18]
 [5 300 5000 42]
 [5 300 5000 34]
 [5 300 5000 19]
 [5 300 5000 9]
 [5 300 5000 50]
 [5 300 5000 19]
 [5 300 5000 14]
 [5 300 5000 39]]
[[5 300 5000 8]
 [5 300 5000 45]
 [5 300 5000 36]
 [5 300 5000 12]
 [5 300 5000 4]
 [5 300 5000 49]
 [5 300 5000 35]
 [5 300 5000 27]
 [5 300 5000 5]
 [5 300 5000 17]]
[[5 300 5000 24]
 [5 300 5000 43]
 [5 300 5000 12]
 [5 300 5000 49]
 [5 300 5000 44]
 [5 300 5000 22]
 [5 300 5000 44]
 [5 300 5000 21]
 [5 300 5000 45]
 [5 300 5000 38]]
[[5 300 5000 29]
 [5 300 5000 26]
 [5 300 5000 42]
 [5 300 5000 15]
 [5 300 5000 4]
 [5 300 5000 39]
 [5 300 5000 12]
 [5 300 5000 19]
 [5 300 5000 36]
 [5 300 5000 11]]
[[5 300 5000 43]
 [5 300 5000 1]
 [5 300 5000 23]
 [5 300 5000 35]
 [5 300 5000 19]
 [5 300 5000 4]
 [5 300 5000 8]
 [5 300 5000 5]
 [5 300 5000 26]
 [5 300 5000 22]]
[[5 300 5000 27]
 [5 300 5000 14]
 [5 300 5000 27]
 [5 300 5000 22]
 [5 300 5000 27]
 [5 300 5000 13]
 [5 300 5000 5]
 [5 300 5000 20]
 [5 300 5000 15]
 [5 300 5000 14]]
[[5 300 5000 15]
 [5 300 5000 19]
 [5 300 5000 43]
 [5 300 5000 43]
 [5 300 5000 41]
 [5 300 5000 4]
 [5 300 5000 20]
 [5 300 5000 13]
 [5 300 5000 48]
 [5 300 5000 11]]
[[5 300 5000 3]
 [5 300 5000 37]
 [5 300 5000 35]
 [5 300 5000 36]
 [5 300 5000 26]
 [5 300 5000 38]
 [5 300 5000 9]
 [5 300 5000 11]
 [5 300 5000 30]
 [5 300 5000 43]]
[[5 300 5000 8]
 [5 300 5000 15]
 [5 300 5000 21]
 [5 300 5000 3]
 [5 300 5000 46]
 [5 300 5000 7]
 [5 300 5000 22]
 [5 300 5000 42]
 [5 300 5000 12]
 [5 300 5000 44]]
[[5 300 5000 41]
 [5 300 5000 31]
 [5 300 5000 7]
 [5 300 5000 16]
 [5 300 5000 5]
 [5 300 5000 30]
 [5 300 5000 26]
 [5 300 5000 12]
 [5 300 5000 6]
 [5 300 5000 24]]
[[5 300 5000 28]
 [5 300 5000 22]
 [5 300 5000 36]
 [5 300 5000 11]
 [5 300 5000 44]
 [5 300 5000 22]
 [5 300 5000 13]
 [5 300 5000 13]
 [5 300 5000 37]
 [5 300 5000 33]]
[[5 300 5000 36]
 [5 300 5000 27]
 [5 300 5000 37]
 [5 300 5000 26]
 [5 300 5000 29]
 [5 300 5000 22]
 [5 300 5000 33]
 [5 300 5000 4]
 [5 300 5000 20]
 [5 300 5000 26]]
[[5 300 5000 10]
 [5 300 5000 13]
 [5 300 5000 41]
 [5 300 5000 35]
 [5 300 5000 16]
 [5 300 5000 7]
 [5 300 5000 46]
 [5 300 5000 18]
 [5 300 5000 35]
 [5 300 5000 30]]
[[5 300 5000 24]
 [5 300 5000 46]
 [5 300 5000 13]
 [5 300 5000 23]
 [5 300 5000 1]
 [5 300 5000 37]
 [5 300 5000 16]
 [5 300 5000 39]
 [5 300 5000 24]
 [5 300 5000 1]]
[[5 300 5000 46]
 [5 300 5000 21]
 [5 300 5000 10]
 [5 300 5000 39]
 [5 300 5000 11]
 [5 300 5000 49]
 [5 300 5000 31]
 [5 300 5000 38]
 [5 300 5000 38]
 [5 300 5000 29]]
[[5 300 5000 38]
 [5 300 5000 16]
 [5 300 5000 38]
 [5 300 5000 34]
 [5 300 5000 31]
 [5 300 5000 8]
 [5 300 5000 23]
 [5 300 5000 33]
 [5 300 5000 17]
 [5 300 5000 25]]
[[5 300 5000 2]
 [5 300 5000 17]
 [5 300 5000 47]
 [5 300 5000 47]
 [5 300 5000 42]
 [5 300 5000 46]
 [5 300 5000 21]
 [5 300 5000 34]
 [5 300 5000 49]
 [5 300 5000 50]]
[[5 300 5000 42]
 [5 300 5000 13]
 [5 300 5000 46]
 [5 300 5000 41]
 [5 300 5000 48]
 [5 300 5000 44]
 [5 300 5000 36]
 [5 300 5000 18]
 [5 300 5000 48]
 [5 300 5000 35]]
[[5 300 5000 1]
 [5 300 5000 22]
 [5 300 5000 4]
 [5 300 5000 14]
 [5 300 5000 23]
 [5 300 5000 21]
 [5 300 5000 28]
 [5 300 5000 12]
 [5 300 5000 12]
 [5 300 5000 5]]
[[5 300 5000 33]
 [5 300 5000 12]
 [5 300 5000 18]
 [5 300 5000 47]
 [5 300 5000 10]
 [5 300 5000 6]
 [5 300 5000 6]
 [5 300 5000 14]
 [5 300 5000 29]
 [5 300 5000 25]]
[[5 300 5000 30]
 [5 300 5000 20]
 [5 300 5000 44]
 [5 300 5000 7]
 [5 300 5000 48]
 [5 300 5000 5]
 [5 300 5000 47]
 [5 300 5000 12]
 [5 300 5000 23]
 [5 300 5000 31]]
[[5 300 5000 48]
 [5 300 5000 40]
 [5 300 5000 3]
 [5 300 5000 10]
 [5 300 5000 22]
 [5 300 5000 5]
 [5 300 5000 21]
 [5 300 5000 22]
 [5 300 5000 29]
 [5 300 5000 14]]
[[5 300 5000 12]
 [5 300 5000 19]
 [5 300 5000 11]
 [5 300 5000 7]
 [5 300 5000 39]
 [5 300 5000 10]
 [5 300 5000 8]
 [5 300 5000 29]
 [5 300 5000 24]
 [5 300 5000 5]]
[[5 300 5000 48]
 [5 300 5000 19]
 [5 300 5000 39]
 [5 300 5000 50]
 [5 300 5000 47]
 [5 300 5000 24]
 [5 300 5000 16]
 [5 300 5000 2]
 [5 300 5000 37]
 [5 300 5000 18]]
[[5 300 5000 18]
 [5 300 5000 8]
 [5 300 5000 37]
 [5 300 5000 11]
 [5 300 5000 8]
 [5 300 5000 50]
 [5 300 5000 38]
 [5 300 5000 6]
 [5 300 5000 28]
 [5 300 5000 14]]
[[5 300 5000 45]
 [5 300 5000 40]
 [5 300 5000 10]
 [5 300 5000 11]
 [5 300 5000 10]
 [5 300 5000 24]
 [5 300 5000 23]
 [5 300 5000 44]
 [5 300 5000 25]
 [5 300 5000 48]]
[[5 300 5000 7]
 [5 300 5000 38]
 [5 300 5000 21]
 [5 300 5000 3]
 [5 300 5000 19]
 [5 300 5000 18]
 [5 300 5000 42]
 [5 300 5000 16]
 [5 300 5000 47]
 [5 300 5000 11]]
[[5 300 5000 44]
 [5 300 5000 10]
 [5 300 5000 44]
 [5 300 5000 49]
 [5 300 5000 6]
 [5 300 5000 50]
 [5 300 5000 11]
 [5 300 5000 20]
 [5 300 5000 32]
 [5 300 5000 28]]
[[5 300 5000 41]
 [5 300 5000 50]
 [5 300 5000 6]
 [5 300 5000 33]
 [5 300 5000 49]
 [5 300 5000 20]
 [5 300 5000 37]
 [5 300 5000 37]
 [5 300 5000 2]
 [5 300 5000 39]]
[[5 300 5000 20]
 [5 300 5000 43]
 [5 300 5000 15]
 [5 300 5000 29]
 [5 300 5000 36]
 [5 300 5000 10]
 [5 300 5000 25]
 [5 300 5000 38]
 [5 300 5000 41]
 [5 300 5000 9]]
[[5 300 5000 26]
 [5 300 5000 24]
 [5 300 5000 12]
 [5 300 5000 49]
 [5 300 5000 16]
 [5 300 5000 32]
 [5 300 5000 19]
 [5 300 5000 31]
 [5 300 5000 14]
 [5 300 5000 11]]
[[5 300 5000 39]
 [5 300 5000 26]
 [5 300 5000 35]
 [5 300 5000 27]
 [5 300 5000 10]
 [5 300 5000 23]
 [5 300 5000 4]
 [5 300 5000 21]
 [5 300 5000 36]
 [5 300 5000 15]]
[[5 300 5000 26]
 [5 300 5000 41]
 [5 300 5000 1]
 [5 300 5000 41]
 [5 300 5000 40]
 [5 300 5000 5]
 [5 300 5000 5]
 [5 300 5000 22]
 [5 300 5000 6]
 [5 300 5000 2]]
[[5 300 5000 16]
 [5 300 5000 19]
 [5 300 5000 24]
 [5 300 5000 8]
 [5 300 5000 25]
 [5 300 5000 35]
 [5 300 5000 14]
 [5 300 5000 42]
 [5 300 5000 15]
 [5 300 5000 41]]
[[5 300 5000 38]
 [5 300 5000 43]
 [5 300 5000 13]
 [5 300 5000 38]
 [5 300 5000 35]
 [5 300 5000 4]
 [5 300 5000 43]
 [5 300 5000 31]
 [5 300 5000 34]
 [5 300 5000 33]]
[[5 300 5000 46]
 [5 300 5000 49]
 [5 300 5000 48]
 [5 300 5000 19]
 [5 300 5000 36]
 [5 300 5000 45]
 [5 300 5000 39]
 [5 300 5000 22]
 [5 300 5000 45]
 [5 300 5000 42]]
[[5 300 5000 42]
 [5 300 5000 31]
 [5 300 5000 42]
 [5 300 5000 46]
 [5 300 5000 27]
 [5 300 5000 48]
 [5 300 5000 50]
 [5 300 5000 25]
 [5 300 5000 38]
 [5 300 5000 26]]
[[5 300 5000 35]
 [5 300 5000 27]
 [5 300 5000 3]
 [5 300 5000 50]
 [5 300 5000 31]
 [5 300 5000 36]
 [5 300 5000 35]
 [5 300 5000 14]
 [5 300 5000 3]
 [5 300 5000 28]]
[[5 300 5000 36]
 [5 300 5000 33]
 [5 300 5000 23]
 [5 300 5000 20]
 [5 300 5000 19]
 [5 300 5000 20]
 [5 300 5000 32]
 [5 300 5000 22]
 [5 300 5000 10]
 [5 300 5000 23]]
[[5 300 5000 40]
 [5 300 5000 5]
 [5 300 5000 47]
 [5 300 5000 9]
 [5 300 5000 4]
 [5 300 5000 9]
 [5 300 5000 38]
 [5 300 5000 9]
 [5 300 5000 36]
 [5 300 5000 22]]
[[5 300 5000 28]
 [5 300 5000 1]
 [5 300 5000 6]
 [5 300 5000 38]
 [5 300 5000 2]
 [5 300 5000 2]
 [5 300 5000 21]
 [5 300 5000 13]
 [5 300 5000 13]
 [5 300 5000 39]]
[[5 300 5000 43]
 [5 300 5000 39]
 [5 300 5000 11]
 [5 300 5000 11]
 [5 300 5000 38]
 [5 300 5000 2]
 [5 300 5000 28]
 [5 300 5000 17]
 [5 300 5000 37]
 [5 300 5000 25]]
[[5 300 5000 42]
 [5 300 5000 39]
 [5 300 5000 32]
 [5 300 5000 34]
 [5 300 5000 35]
 [5 300 5000 29]
 [5 300 5000 29]
 [5 300 5000 5]
 [5 300 5000 2]
 [5 300 5000 33]]
[[5 300 5000 48]
 [5 300 5000 18]
 [5 300 5000 3]
 [5 300 5000 14]
 [5 300 5000 9]
 [5 300 5000 25]
 [5 300 5000 19]
 [5 300 5000 6]
 [5 300 5000 4]
 [5 300 5000 8]]
[[5 300 5000 26]
 [5 300 5000 39]
 [5 300 5000 35]
 [5 300 5000 14]
 [5 300 5000 50]
 [5 300 5000 5]
 [5 300 5000 38]
 [5 300 5000 11]
 [5 300 5000 34]
 [5 300 5000 20]]
[[5 300 5000 4]
 [5 300 5000 8]
 [5 300 5000 43]
 [5 300 5000 41]
 [5 300 5000 29]
 [5 300 5000 28]
 [5 300 5000 34]
 [5 300 5000 47]
 [5 300 5000 48]
 [5 300 5000 1]]
[[5 300 5000 49]
 [5 300 5000 48]
 [5 300 5000 41]
 [5 300 5000 14]
 [5 300 5000 6]
 [5 300 5000 8]
 [5 300 5000 19]
 [5 300 5000 43]
 [5 300 5000 7]
 [5 300 5000 23]]
[[5 300 5000 40]
 [5 300 5000 5]
 [5 300 5000 27]
 [5 300 5000 48]
 [5 300 5000 34]
 [5 300 5000 21]
 [5 300 5000 38]
 [5 300 5000 33]
 [5 300 5000 12]
 [5 300 5000 46]]
[[5 300 5000 22]
 [5 300 5000 47]
 [5 300 5000 45]
 [5 300 5000 25]
 [5 300 5000 24]
 [5 300 5000 47]
 [5 300 5000 9]
 [5 300 5000 7]
 [5 300 5000 8]
 [5 300 5000 4]]
[[5 300 5000 9]
 [5 300 5000 31]
 [5 300 5000 28]
 [5 300 5000 16]
 [5 300 5000 47]
 [5 300 5000 40]
 [5 300 5000 24]
 [5 300 5000 42]
 [5 300 5000 31]
 [5 300 5000 32]]
[[5 300 5000 5]
 [5 300 5000 25]
 [5 300 5000 23]
 [5 300 5000 39]
 [5 300 5000 12]
 [5 300 5000 9]
 [5 300 5000 28]
 [5 300 5000 13]
 [5 300 5000 7]
 [5 300 5000 43]]
[[5 300 5000 13]
 [5 300 5000 1]
 [5 300 5000 49]
 [5 300 5000 42]
 [5 300 5000 25]
 [5 300 5000 42]
 [5 300 5000 36]
 [5 300 5000 30]
 [5 300 5000 13]
 [5 300 5000 25]]
[[5 300 5000 14]
 [5 300 5000 21]
 [5 300 5000 24]
 [5 300 5000 34]
 [5 300 5000 15]
 [5 300 5000 18]
 [5 300 5000 16]
 [5 300 5000 22]
 [5 300 5000 50]
 [5 300 5000 24]]
[[5 300 5000 17]
 [5 300 5000 39]
 [5 300 5000 27]
 [5 300 5000 34]
 [5 300 5000 16]
 [5 300 5000 21]
 [5 300 5000 38]
 [5 300 5000 29]
 [5 300 5000 14]
 [5 300 5000 32]]
[[5 300 5000 2]
 [5 300 5000 21]
 [5 300 5000 38]
 [5 300 5000 14]
 [5 300 5000 13]
 [5 300 5000 18]
 [5 300 5000 6]
 [5 300 5000 30]
 [5 300 5000 27]
 [5 300 5000 31]]
[[5 300 5000 12]
 [5 300 5000 34]
 [5 300 5000 16]
 [5 300 5000 50]
 [5 300 5000 34]
 [5 300 5000 49]
 [5 300 5000 21]
 [5 300 5000 41]
 [5 300 5000 8]
 [5 300 5000 43]]
[[5 300 5000 29]
 [5 300 5000 36]
 [5 300 5000 2]
 [5 300 5000 43]
 [5 300 5000 26]
 [5 300 5000 16]
 [5 300 5000 18]
 [5 300 5000 24]
 [5 300 5000 22]
 [5 300 5000 33]]
[[5 300 5000 48]
 [5 300 5000 22]
 [5 300 5000 10]
 [5 300 5000 46]
 [5 300 5000 14]
 [5 300 5000 6]
 [5 300 5000 16]
 [5 300 5000 23]
 [5 300 5000 49]
 [5 300 5000 11]]
[[5 300 5000 34]
 [5 300 5000 35]
 [5 300 5000 26]
 [5 300 5000 1]
 [5 300 5000 13]
 [5 300 5000 23]
 [5 300 5000 1]
 [5 300 5000 49]
 [5 300 5000 49]
 [5 300 5000 8]]
[[5 300 5000 33]
 [5 300 5000 42]
 [5 300 5000 28]
 [5 300 5000 1]
 [5 300 5000 16]
 [5 300 5000 9]
 [5 300 5000 38]
 [5 300 5000 30]
 [5 300 5000 34]
 [5 300 5000 2]]
[[5 300 5000 40]
 [5 300 5000 23]
 [5 300 5000 3]
 [5 300 5000 30]
 [5 300 5000 43]
 [5 300 5000 29]
 [5 300 5000 8]
 [5 300 5000 40]]
